{
  "RSpec": {
    "coverage": {
      "/Users/apprentice/Desktop/PsklrMrfi/app/helpers/application_helper.rb": [
        1,
        null
      ],
      "/Users/apprentice/Desktop/PsklrMrfi/app/helpers/customer_helper.rb": [
        1,
        1,
        6,
        null,
        null,
        1,
        1,
        1,
        2,
        null,
        2,
        null,
        null
      ],
      "/Users/apprentice/Desktop/PsklrMrfi/app/helpers/prototype_helper.rb": [
        1,
        1,
        1,
        1,
        1,
        1,
        1,
        1,
        1,
        1,
        null,
        null
      ],
      "/Users/apprentice/Desktop/PsklrMrfi/app/helpers/sessions_helper.rb": [
        1,
        null,
        1,
        44,
        null,
        null,
        1,
        14,
        null,
        null,
        1,
        22,
        null,
        null,
        null,
        1,
        8,
        null,
        null,
        1,
        2,
        2,
        null,
        null,
        null
      ],
      "/Users/apprentice/Desktop/PsklrMrfi/app/models/user.rb": [
        1,
        null,
        1,
        1,
        null,
        1,
        1,
        null
      ],
      "/Users/apprentice/Desktop/PsklrMrfi/app/models/application_record.rb": [
        1,
        1,
        null
      ],
      "/Users/apprentice/Desktop/PsklrMrfi/app/controllers/entrances_controller.rb": [
        1,
        1,
        2,
        null,
        null,
        1,
        2,
        null,
        null,
        1,
        2,
        null,
        null,
        null,
        null,
        1,
        2,
        null,
        null,
        null
      ],
      "/Users/apprentice/Desktop/PsklrMrfi/app/controllers/application_controller.rb": [
        1,
        1,
        1,
        null
      ],
      "/Users/apprentice/Desktop/PsklrMrfi/app/controllers/manufacturers_controller.rb": [
        1,
        null,
        1,
        null,
        null,
        null,
        null,
        1,
        3,
        3,
        3,
        null,
        3,
        6,
        3,
        null,
        null,
        null,
        null,
        null,
        null
      ],
      "/Users/apprentice/Desktop/PsklrMrfi/app/controllers/prototypes_controller.rb": [
        1,
        1,
        2,
        2,
        2,
        4,
        2,
        null,
        null,
        null
      ],
      "/Users/apprentice/Desktop/PsklrMrfi/app/controllers/robots_controller.rb": [
        1,
        1,
        null,
        1,
        11,
        5,
        3,
        3,
        null,
        2,
        null,
        null,
        6,
        null,
        null,
        null,
        1,
        null,
        null,
        1,
        4,
        4,
        null,
        null,
        1,
        4,
        8,
        4,
        null,
        null,
        null,
        1,
        null,
        null,
        1,
        4,
        4,
        null,
        null,
        1,
        4,
        4,
        4,
        null,
        4,
        4,
        null,
        null,
        null,
        1,
        null,
        1,
        15,
        null,
        null,
        1,
        8,
        null,
        null,
        null
      ],
      "/Users/apprentice/Desktop/PsklrMrfi/app/controllers/sessions_controller.rb": [
        1,
        1,
        null,
        1,
        3,
        3,
        null,
        null,
        1,
        7,
        7,
        5,
        5,
        1,
        null,
        4,
        null,
        null,
        2,
        2,
        null,
        null,
        null,
        1,
        2,
        2,
        null,
        null,
        1,
        1,
        7,
        null,
        null,
        1,
        7,
        null,
        null,
        1,
        14,
        null,
        null
      ],
      "/Users/apprentice/Desktop/PsklrMrfi/app/controllers/users_controller.rb": [
        1,
        1,
        null,
        1,
        3,
        null,
        null,
        1,
        6,
        null,
        6,
        3,
        3,
        3,
        null,
        3,
        3,
        null,
        null,
        null,
        1,
        1,
        6,
        null,
        null
      ],
      "/Users/apprentice/Desktop/PsklrMrfi/app/mailers/purchase_mailer.rb": [
        1,
        1,
        1,
        null,
        1,
        6,
        6,
        null,
        6,
        null,
        null
      ],
      "/Users/apprentice/Desktop/PsklrMrfi/app/models/manufacturer.rb": [
        1,
        1,
        1,
        null,
        null,
        1,
        1,
        null,
        null,
        1,
        1,
        null,
        null,
        null,
        1,
        null,
        1,
        null,
        1,
        1,
        1,
        1,
        5,
        null,
        1,
        null,
        null,
        null
      ],
      "/Users/apprentice/Desktop/PsklrMrfi/app/models/prototype.rb": [
        1,
        1,
        null,
        1,
        1,
        null
      ],
      "/Users/apprentice/Desktop/PsklrMrfi/app/models/robot.rb": [
        1,
        1,
        null,
        1,
        1,
        null,
        1,
        1,
        null,
        null
      ]
    },
    "timestamp": 1485671101
  }
}
