{
  "RSpec": {
    "coverage": {
      "/Users/apprentice/Desktop/PsklrMrfi/app/helpers/application_helper.rb": [
        1,
        null
      ],
      "/Users/apprentice/Desktop/PsklrMrfi/app/helpers/customer_helper.rb": [
        1,
        1,
        0,
        null,
        null,
        1,
        0,
        0,
        0,
        null,
        0,
        null,
        null
      ],
      "/Users/apprentice/Desktop/PsklrMrfi/app/helpers/prototype_helper.rb": [
        1,
        1,
        0,
        0,
        0,
        0,
        0,
        0,
        0,
        0,
        null,
        null
      ],
      "/Users/apprentice/Desktop/PsklrMrfi/app/helpers/sessions_helper.rb": [
        1,
        null,
        1,
        9,
        null,
        null,
        1,
        0,
        null,
        null,
        1,
        9,
        null,
        null,
        null,
        1,
        3,
        null,
        null,
        1,
        0,
        0,
        null,
        null,
        null
      ],
      "/Users/apprentice/Desktop/PsklrMrfi/app/models/user.rb": [
        1,
        null,
        1,
        1,
        null,
        1,
        1,
        null
      ],
      "/Users/apprentice/Desktop/PsklrMrfi/app/models/application_record.rb": [
        1,
        1,
        null
      ],
      "/Users/apprentice/Desktop/PsklrMrfi/app/controllers/users_controller.rb": [
        1,
        1,
        null,
        1,
        3,
        null,
        null,
        1,
        6,
        null,
        6,
        3,
        3,
        3,
        null,
        3,
        3,
        null,
        null,
        null,
        1,
        1,
        6,
        null,
        null
      ],
      "/Users/apprentice/Desktop/PsklrMrfi/app/controllers/application_controller.rb": [
        1,
        1,
        1,
        null
      ],
      "/Users/apprentice/Desktop/PsklrMrfi/app/channels/application_cable/channel.rb": [
        0,
        0,
        0,
        0
      ],
      "/Users/apprentice/Desktop/PsklrMrfi/app/channels/application_cable/connection.rb": [
        0,
        0,
        0,
        0
      ],
      "/Users/apprentice/Desktop/PsklrMrfi/app/controllers/entrances_controller.rb": [
        0,
        0,
        0,
        0,
        0,
        0,
        0,
        0,
        0,
        0,
        0,
        0,
        0,
        0,
        0,
        0,
        0,
        0,
        0,
        0
      ],
      "/Users/apprentice/Desktop/PsklrMrfi/app/controllers/manufacturers_controller.rb": [
        0,
        0,
        0,
        0,
        0,
        0,
        0,
        0,
        0,
        0,
        0,
        0,
        0,
        0,
        0,
        0,
        0,
        0,
        0,
        0,
        0
      ],
      "/Users/apprentice/Desktop/PsklrMrfi/app/controllers/prototypes_controller.rb": [
        0,
        0,
        0,
        0,
        0,
        0,
        0,
        0,
        0,
        0
      ],
      "/Users/apprentice/Desktop/PsklrMrfi/app/controllers/robots_controller.rb": [
        0,
        0,
        0,
        0,
        0,
        0,
        0,
        0,
        0,
        0,
        0,
        0,
        0,
        0,
        0,
        0,
        0,
        0,
        0,
        0,
        0,
        0,
        0,
        0,
        0,
        0,
        0,
        0,
        0,
        0,
        0,
        0,
        0,
        0,
        0,
        0,
        0,
        0,
        0,
        0,
        0,
        0,
        0,
        0,
        0,
        0,
        0,
        0,
        0,
        0,
        0,
        0,
        0,
        0,
        0,
        0,
        0,
        0,
        0,
        0,
        0,
        0,
        0,
        0
      ],
      "/Users/apprentice/Desktop/PsklrMrfi/app/controllers/sessions_controller.rb": [
        0,
        0,
        0,
        0,
        0,
        0,
        0,
        0,
        0,
        0,
        0,
        0,
        0,
        0,
        0,
        0,
        0,
        0,
        0,
        0,
        0,
        0,
        0,
        0,
        0,
        0,
        0,
        0,
        0,
        0,
        0,
        0,
        0,
        0,
        0,
        0,
        0,
        0,
        0,
        0,
        0
      ],
      "/Users/apprentice/Desktop/PsklrMrfi/app/jobs/application_job.rb": [
        0,
        0
      ],
      "/Users/apprentice/Desktop/PsklrMrfi/app/mailers/application_mailer.rb": [
        0,
        0,
        0,
        0
      ],
      "/Users/apprentice/Desktop/PsklrMrfi/app/mailers/purchase_mailer.rb": [
        0,
        0,
        0,
        0,
        0,
        0,
        0,
        0,
        0,
        0
      ],
      "/Users/apprentice/Desktop/PsklrMrfi/app/models/manufacturer.rb": [
        0,
        0,
        0,
        0,
        0,
        0,
        0,
        0,
        0,
        0,
        0,
        0,
        0,
        0,
        0,
        0,
        0,
        0,
        0,
        0,
        0,
        0,
        0,
        0,
        0,
        0,
        0,
        0,
        0,
        0,
        0
      ],
      "/Users/apprentice/Desktop/PsklrMrfi/app/models/prototype.rb": [
        0,
        0,
        0,
        0,
        0,
        0
      ],
      "/Users/apprentice/Desktop/PsklrMrfi/app/models/robot.rb": [
        0,
        0,
        0,
        0,
        0,
        0,
        0,
        0,
        0,
        0
      ]
    },
    "timestamp": 1485659733
  }
}
